<?xml version="1.0" encoding="UTF-8"?>
<!-- Generated by org.testng.reporters.JUnitReportReporter -->
<testsuite hostname="Steven" name="idontknow.testTest" tests="1" failures="0" timestamp="7 Apr 2015 21:43:12 GMT" time="20.293" errors="0">
  <testcase name="logginOn" time="20.293" classname="idontknow.testTest"/>
</testsuite> <!-- idontknow.testTest -->
